Solid Edge Translation to STL
Date: Friday,February 07,2025 02:25PM
Source File:C:\Users\Nicolás Molina\OneDrive\Escritorio\PMT\PARTE.par
Source System: SOLID EDGE

Hardware:
Processor: Intel(R) Core(TM) i5-10400 CPU @ 2.90GHz
Operating System: Windows 10
Installed Memory: 15.89 GB

Software Information:
Parasolid Version: 35.0.149
PSBodyshop Version: 35.0.82
Solid Edge Version: 223.00.00.101 x64

STL Export Options:
Output File Format:BINARY
Export Displayed Parts:Off
structureOption: Monolithic
Export Units:Inch
Export Tolerance Value:0.050000
Export Tolerance Type:Custom
Export Surface Plane Angle Value:0.523599

Translation progress:
Phase 1 of 2 Fetching Parasolid information...
Phase 2 of 2 Translating Parasolid to foreign data types...
Number of STL file Created : 1
Translation process completed
Time required to translate:00 : 00 : 00
